<?xml version="1.0" encoding="UTF-8"?>
<!-- Generated by org.testng.reporters.JUnitReportReporter -->
<testsuite hostname="NODLTP52039252" failures="0" tests="2" name="ExtentReport.Extenttest.TestCase" time="0.026" errors="0" timestamp="11 Sep 2020 11:32:42 GMT">
  <testcase classname="ExtentReport.Extenttest.TestCase" name="reg" time="0.003"/>
  <testcase classname="ExtentReport.Extenttest.TestCase" name="login" time="0.023"/>
</testsuite> <!-- ExtentReport.Extenttest.TestCase -->
